[21:24:01] [ServerMain/INFO]: Building unoptimized datafixer
[21:24:03] [ServerMain/INFO]: Environment: authHost='https://authserver.mojang.com', accountsHost='https://api.mojang.com', sessionHost='https://sessionserver.mojang.com', servicesHost='https://api.minecraftservices.com', name='PROD'
[21:24:06] [ServerMain/INFO]: Loaded 7 recipes
[21:24:06] [ServerMain/INFO]: Loaded 1179 advancements
[21:24:07] [Server thread/INFO]: Starting minecraft server version 1.19.2
[21:24:07] [Server thread/INFO]: Loading properties
[21:24:07] [Server thread/INFO]: Default game type: SURVIVAL
[21:24:07] [Server thread/INFO]: Generating keypair
[21:24:08] [Server thread/INFO]: Starting Minecraft server on 192.168.0.107:25565
[21:24:08] [Server thread/INFO]: Using default channel type
[21:24:08] [Server thread/WARN]: **** SERVER IS RUNNING IN OFFLINE/INSECURE MODE!
[21:24:08] [Server thread/WARN]: The server will make no attempt to authenticate usernames. Beware.
[21:24:08] [Server thread/WARN]: While this makes the game possible to play without internet access, it also opens up the ability for hackers to connect with any username they choose.
[21:24:08] [Server thread/WARN]: To change this, set "online-mode" to "true" in the server.properties file.
[21:24:08] [Server thread/INFO]: Preparing level "world"
[21:24:08] [Server thread/INFO]: Preparing start region for dimension minecraft:overworld
[21:24:14] [Worker-Main-2/INFO]: Preparing spawn area: 0%
[21:24:14] [Worker-Main-1/INFO]: Preparing spawn area: 0%
[21:24:14] [Worker-Main-1/INFO]: Preparing spawn area: 0%
[21:24:14] [Worker-Main-1/INFO]: Preparing spawn area: 0%
[21:24:14] [Worker-Main-2/INFO]: Preparing spawn area: 0%
[21:24:14] [Worker-Main-2/INFO]: Preparing spawn area: 0%
[21:24:14] [Worker-Main-2/INFO]: Preparing spawn area: 0%
[21:24:14] [Worker-Main-2/INFO]: Preparing spawn area: 0%
[21:24:14] [Worker-Main-1/INFO]: Preparing spawn area: 0%
[21:24:14] [Worker-Main-1/INFO]: Preparing spawn area: 0%
[21:24:14] [Worker-Main-1/INFO]: Preparing spawn area: 0%
[21:24:14] [Worker-Main-2/INFO]: Preparing spawn area: 0%
[21:24:14] [Worker-Main-2/INFO]: Preparing spawn area: 0%
[21:24:34] [Worker-Main-2/INFO]: Preparing spawn area: 0%
[21:24:34] [Worker-Main-2/INFO]: Preparing spawn area: 0%
[21:24:34] [Worker-Main-2/INFO]: Preparing spawn area: 0%
[21:24:34] [Worker-Main-2/INFO]: Preparing spawn area: 0%
[21:24:34] [Worker-Main-1/INFO]: Preparing spawn area: 0%
[21:24:34] [Worker-Main-1/INFO]: Preparing spawn area: 0%
[21:24:34] [Worker-Main-1/INFO]: Preparing spawn area: 0%
[21:24:34] [Worker-Main-1/INFO]: Preparing spawn area: 0%
[21:24:34] [Worker-Main-1/INFO]: Preparing spawn area: 0%
[21:24:34] [Worker-Main-1/INFO]: Preparing spawn area: 0%
[21:24:34] [Worker-Main-1/INFO]: Preparing spawn area: 0%
[21:24:34] [Worker-Main-1/INFO]: Preparing spawn area: 0%
[21:24:34] [Worker-Main-1/INFO]: Preparing spawn area: 0%
[21:24:34] [Worker-Main-1/INFO]: Preparing spawn area: 0%
[21:24:34] [Worker-Main-3/INFO]: Preparing spawn area: 0%
[21:24:34] [Worker-Main-3/INFO]: Preparing spawn area: 0%
[21:24:34] [Worker-Main-1/INFO]: Preparing spawn area: 0%
[21:24:34] [Worker-Main-1/INFO]: Preparing spawn area: 0%
[21:24:34] [Worker-Main-1/INFO]: Preparing spawn area: 0%
[21:24:34] [Worker-Main-2/INFO]: Preparing spawn area: 0%
[21:24:34] [Worker-Main-2/INFO]: Preparing spawn area: 0%
[21:24:34] [Worker-Main-3/INFO]: Preparing spawn area: 0%
[21:24:34] [Worker-Main-2/INFO]: Preparing spawn area: 0%
[21:24:34] [Worker-Main-2/INFO]: Preparing spawn area: 0%
[21:24:34] [Worker-Main-2/INFO]: Preparing spawn area: 0%
[21:24:34] [Worker-Main-2/INFO]: Preparing spawn area: 0%
[21:24:34] [Worker-Main-2/INFO]: Preparing spawn area: 0%
[21:24:34] [Worker-Main-2/INFO]: Preparing spawn area: 0%
[21:24:34] [Worker-Main-2/INFO]: Preparing spawn area: 0%
[21:24:34] [Worker-Main-3/INFO]: Preparing spawn area: 0%
[21:24:34] [Worker-Main-2/INFO]: Preparing spawn area: 0%
[21:24:34] [Worker-Main-2/INFO]: Preparing spawn area: 0%
[21:24:34] [Worker-Main-2/INFO]: Preparing spawn area: 0%
[21:24:34] [Worker-Main-2/INFO]: Preparing spawn area: 0%
[21:24:34] [Worker-Main-2/INFO]: Preparing spawn area: 0%
[21:24:34] [Worker-Main-3/INFO]: Preparing spawn area: 0%
[21:24:34] [Worker-Main-3/INFO]: Preparing spawn area: 0%
[21:24:34] [Worker-Main-3/INFO]: Preparing spawn area: 0%
[21:24:34] [Worker-Main-3/INFO]: Preparing spawn area: 0%
[21:24:34] [Worker-Main-3/INFO]: Preparing spawn area: 0%
[21:24:35] [Worker-Main-3/INFO]: Preparing spawn area: 0%
[21:24:35] [Worker-Main-1/INFO]: Preparing spawn area: 3%
[21:24:36] [Worker-Main-3/INFO]: Preparing spawn area: 10%
[21:24:36] [Worker-Main-3/INFO]: Preparing spawn area: 16%
[21:24:38] [Worker-Main-2/INFO]: Preparing spawn area: 20%
[21:24:38] [Worker-Main-3/INFO]: Preparing spawn area: 20%
[21:24:38] [Worker-Main-3/INFO]: Preparing spawn area: 20%
[21:24:38] [Worker-Main-3/INFO]: Preparing spawn area: 20%
[21:24:39] [Worker-Main-1/INFO]: Preparing spawn area: 26%
[21:24:39] [Worker-Main-1/INFO]: Preparing spawn area: 37%
[21:24:40] [Worker-Main-2/INFO]: Preparing spawn area: 53%
[21:24:40] [Worker-Main-2/INFO]: Preparing spawn area: 55%
[21:24:41] [Worker-Main-3/INFO]: Preparing spawn area: 56%
[21:24:41] [Worker-Main-1/INFO]: Preparing spawn area: 65%
[21:24:42] [Worker-Main-2/INFO]: Preparing spawn area: 68%
[21:24:42] [Worker-Main-1/INFO]: Preparing spawn area: 68%
[21:24:43] [Worker-Main-2/INFO]: Preparing spawn area: 68%
[21:24:43] [Worker-Main-2/INFO]: Preparing spawn area: 69%
[21:24:44] [Worker-Main-1/INFO]: Preparing spawn area: 69%
[21:24:44] [Worker-Main-3/INFO]: Preparing spawn area: 70%
[21:24:45] [Worker-Main-1/INFO]: Preparing spawn area: 70%
[21:24:45] [Worker-Main-3/INFO]: Preparing spawn area: 72%
[21:24:46] [Worker-Main-3/INFO]: Preparing spawn area: 72%
[21:24:46] [Worker-Main-3/INFO]: Preparing spawn area: 73%
[21:24:47] [Worker-Main-2/INFO]: Preparing spawn area: 74%
[21:24:47] [Worker-Main-2/INFO]: Preparing spawn area: 76%
[21:24:48] [Worker-Main-2/INFO]: Preparing spawn area: 77%
[21:24:48] [Worker-Main-1/INFO]: Preparing spawn area: 79%
[21:24:49] [Worker-Main-2/INFO]: Preparing spawn area: 80%
[21:24:49] [Worker-Main-1/INFO]: Preparing spawn area: 81%
[21:24:50] [Worker-Main-2/INFO]: Preparing spawn area: 82%
[21:24:50] [Worker-Main-1/INFO]: Preparing spawn area: 83%
[21:24:51] [Worker-Main-3/INFO]: Preparing spawn area: 83%
[21:24:51] [Worker-Main-2/INFO]: Preparing spawn area: 83%
[21:24:52] [Worker-Main-1/INFO]: Preparing spawn area: 83%
[21:24:52] [Worker-Main-1/INFO]: Preparing spawn area: 84%
[21:24:53] [Worker-Main-1/INFO]: Preparing spawn area: 84%
[21:24:53] [Worker-Main-1/INFO]: Preparing spawn area: 84%
[21:24:54] [Worker-Main-3/INFO]: Preparing spawn area: 85%
[21:24:54] [Worker-Main-3/INFO]: Preparing spawn area: 85%
[21:24:55] [Worker-Main-3/INFO]: Preparing spawn area: 86%
[21:24:55] [Worker-Main-3/INFO]: Preparing spawn area: 87%
[21:24:56] [Worker-Main-1/INFO]: Preparing spawn area: 87%
[21:24:56] [Worker-Main-3/INFO]: Preparing spawn area: 89%
[21:24:57] [Worker-Main-3/INFO]: Preparing spawn area: 89%
[21:24:57] [Worker-Main-1/INFO]: Preparing spawn area: 90%
[21:24:58] [Worker-Main-3/INFO]: Preparing spawn area: 91%
[21:24:58] [Worker-Main-2/INFO]: Preparing spawn area: 91%
[21:24:59] [Worker-Main-2/INFO]: Preparing spawn area: 91%
[21:24:59] [Worker-Main-2/INFO]: Preparing spawn area: 92%
[21:25:00] [Worker-Main-2/INFO]: Preparing spawn area: 93%
[21:25:00] [Worker-Main-2/INFO]: Preparing spawn area: 94%
[21:25:01] [Worker-Main-3/INFO]: Preparing spawn area: 94%
[21:25:01] [Worker-Main-3/INFO]: Preparing spawn area: 95%
[21:25:02] [Worker-Main-1/INFO]: Preparing spawn area: 95%
[21:25:02] [Worker-Main-3/INFO]: Preparing spawn area: 96%
[21:25:03] [Worker-Main-3/INFO]: Preparing spawn area: 96%
[21:25:03] [Worker-Main-2/INFO]: Preparing spawn area: 97%
[21:25:04] [Worker-Main-2/INFO]: Preparing spawn area: 98%
[21:25:04] [Worker-Main-1/INFO]: Preparing spawn area: 98%
[21:25:05] [Worker-Main-2/INFO]: Preparing spawn area: 99%
[21:25:05] [Server thread/INFO]: Time elapsed: 56555 ms
[21:25:05] [Server thread/INFO]: Done (56.898s)! For help, type "help"
[21:25:55] [Server thread/INFO]: RasinEpic333[/192.168.0.107:65137] logged in with entity id 3 at (-195.5, 65.0, 6.5)
[21:25:55] [Server thread/INFO]: RasinEpic333 joined the game
[21:25:57] [Server thread/WARN]: Can't keep up! Is the server overloaded? Running 2109ms or 42 ticks behind
[21:26:42] [Server thread/WARN]: Can't keep up! Is the server overloaded? Running 30061ms or 601 ticks behind
[21:27:00] [Server thread/WARN]: Can't keep up! Is the server overloaded? Running 2165ms or 43 ticks behind
[21:33:09] [Server thread/INFO]: RasinEpic333 has made the advancement [Sweet Dreams]
[21:42:56] [Server thread/INFO]: Villager btp['Villager'/1819, l='ServerLevel[world]', x=-397.81, y=68.00, z=264.69] died, message: 'Villager was slain by RasinEpic333'
[21:44:14] [Server thread/INFO]: RasinEpic333 has made the advancement [Acquire Hardware]
[21:45:06] [Server thread/INFO]: Villager btp['Villager'/1818, l='ServerLevel[world]', x=-394.35, y=68.00, z=267.75] died, message: 'Villager was slain by RasinEpic333'
[21:45:37] [Server thread/INFO]: RasinEpic333 has made the advancement [Isn't It Iron Pick]
[21:46:32] [Server thread/INFO]: Villager btp['Farmer'/1882, l='ServerLevel[world]', x=-396.21, y=61.00, z=305.70] died, message: 'Farmer was slain by RasinEpic333'
[21:59:54] [Server thread/INFO]: Villager btp['Villager'/1931, l='ServerLevel[world]', x=-426.10, y=66.00, z=237.94] died, message: 'Villager was slain by RasinEpic333'
[22:00:02] [Server thread/INFO]: Villager btp['Farmer'/1881, l='ServerLevel[world]', x=-406.45, y=67.92, z=246.86] died, message: 'Farmer was slain by RasinEpic333'
[22:00:57] [Server thread/WARN]: Mismatch in destroy block pos: gt{x=-432, y=70, z=305} gt{x=-431, y=69, z=304}
[22:01:13] [Server thread/INFO]: RasinEpic333 has made the advancement [Stone Age]
[22:07:15] [Server thread/INFO]: RasinEpic333 lost connection: Disconnected
[22:07:16] [Server thread/INFO]: RasinEpic333 left the game
[22:07:32] [Server thread/INFO]: RasinEpic333[/192.168.0.107:65183] logged in with entity id 7595 at (-399.9626327614616, 66.0, 304.8254158306904)
[22:07:32] [Server thread/INFO]: RasinEpic333 joined the game
[22:08:15] [Server thread/INFO]: RasinEpic333 lost connection: Disconnected
[22:08:15] [Server thread/INFO]: RasinEpic333 left the game
[22:08:20] [Server thread/INFO]: RasinEpic333[/192.168.0.107:65185] logged in with entity id 7897 at (-397.5, 68.0, 267.5)
[22:08:20] [Server thread/INFO]: RasinEpic333 joined the game
